<?xml version="1.0" encoding="UTF-8"?>
<!-- Generated by org.testng.reporters.JUnitXMLReporter -->
<testsuite ignored="0" hostname="Surits-Mac-mini" failures="1" tests="1" name="Surefire test" time="0.027" errors="0" timestamp="2023-12-20T16:20:01 CST">
  <testcase classname="Testing.QA.ngTest" name="f" time="0.007">
    <failure type="java.lang.AssertionError" message="expected [true] but found [false]">
      <![CDATA[java.lang.AssertionError: expected [true] but found [false]
at Testing.QA.ngTest.f(ngTest.java:11)
at java.base/java.util.ArrayList.forEach(ArrayList.java:1541)
... Removed 39 stack frames]]>
    </failure>
  </testcase> <!-- f -->
</testsuite> <!-- Surefire test -->
